C:\Users\prietenC\Desktop\kata-uri\Harmony\Harmony\Angular-Harmony\dist\out-tsc\app\my-favourites\my-favourites.component.js
C:\Users\prietenC\Desktop\kata-uri\Harmony\Harmony\Angular-Harmony\dist\out-tsc\app\my-favourites\my-favourites.component.js.map
C:\Users\prietenC\Desktop\kata-uri\Harmony\Harmony\Angular-Harmony\dist\out-tsc\app\app-routing.module.js
C:\Users\prietenC\Desktop\kata-uri\Harmony\Harmony\Angular-Harmony\dist\out-tsc\app\app-routing.module.js.map
C:\Users\prietenC\Desktop\kata-uri\Harmony\Harmony\Angular-Harmony\dist\out-tsc\app\app.component.js
C:\Users\prietenC\Desktop\kata-uri\Harmony\Harmony\Angular-Harmony\dist\out-tsc\app\app.component.js.map
C:\Users\prietenC\Desktop\kata-uri\Harmony\Harmony\Angular-Harmony\dist\out-tsc\app\app.module.js
C:\Users\prietenC\Desktop\kata-uri\Harmony\Harmony\Angular-Harmony\dist\out-tsc\app\app.module.js.map
C:\Users\prietenC\Desktop\kata-uri\Harmony\Harmony\Angular-Harmony\dist\out-tsc\environments\environment.js
C:\Users\prietenC\Desktop\kata-uri\Harmony\Harmony\Angular-Harmony\dist\out-tsc\environments\environment.js.map
C:\Users\prietenC\Desktop\kata-uri\Harmony\Harmony\Angular-Harmony\dist\out-tsc\main.js
C:\Users\prietenC\Desktop\kata-uri\Harmony\Harmony\Angular-Harmony\dist\out-tsc\main.js.map
C:\Users\prietenC\Desktop\kata-uri\Harmony\Harmony\Angular-Harmony\dist\out-tsc\polyfills.js
C:\Users\prietenC\Desktop\kata-uri\Harmony\Harmony\Angular-Harmony\dist\out-tsc\polyfills.js.map
C:\Users\prietenC\Desktop\kata-uri\Harmony\Harmony\Angular-Harmony\dist\out-tsc\test.js
C:\Users\prietenC\Desktop\kata-uri\Harmony\Harmony\Angular-Harmony\dist\out-tsc\test.js.map
C:\Users\prietenC\Desktop\kata-uri\Harmony\Harmony\Angular-Harmony\dist\out-tsc\app\app.component.spec.js
C:\Users\prietenC\Desktop\kata-uri\Harmony\Harmony\Angular-Harmony\dist\out-tsc\app\app.component.spec.js.map
C:\Users\prietenC\Desktop\kata-uri\Harmony\Harmony\Angular-Harmony\dist\out-tsc\app\my-favourites\my-favourites.component.spec.js
C:\Users\prietenC\Desktop\kata-uri\Harmony\Harmony\Angular-Harmony\dist\out-tsc\app\my-favourites\my-favourites.component.spec.js.map
C:\Users\prietenC\Desktop\kata-uri\Harmony\Harmony\Angular-Harmony\dist\out-tsc\environments\environment.prod.js
C:\Users\prietenC\Desktop\kata-uri\Harmony\Harmony\Angular-Harmony\dist\out-tsc\environments\environment.prod.js.map
